app/build/intermediates/manifest_merge_blame_file/debug/processDebugMainManifest/manifest-merger-blame-debug-report.txt
1<?xml version="1.0" encoding="utf-8"?>
2<manifest xmlns:android="http://schemas.android.com/apk/res/android"
3    package="com.manette.app"
4    android:versionCode="1"
5    android:versionName="1.0" >
6
7    <uses-sdk
8        android:minSdkVersion="28"
9        android:targetSdkVersion="35" />
10
11    <!-- Bluetooth permissions -->
12    <uses-permission
12-->src\main\AndroidManifest.xml:5:5-95
13        android:name="android.permission.BLUETOOTH"
13-->src\main\AndroidManifest.xml:5:22-65
14        android:maxSdkVersion="30" />
14-->src\main\AndroidManifest.xml:5:66-92
15    <uses-permission
15-->src\main\AndroidManifest.xml:6:5-101
16        android:name="android.permission.BLUETOOTH_ADMIN"
16-->src\main\AndroidManifest.xml:6:22-71
17        android:maxSdkVersion="30" />
17-->src\main\AndroidManifest.xml:6:72-98
18    <uses-permission android:name="android.permission.BLUETOOTH_CONNECT" />
18-->src\main\AndroidManifest.xml:7:5-76
18-->src\main\AndroidManifest.xml:7:22-73
19    <uses-permission android:name="android.permission.BLUETOOTH_ADVERTISE" />
19-->src\main\AndroidManifest.xml:8:5-78
19-->src\main\AndroidManifest.xml:8:22-75
20    <uses-permission android:name="android.permission.BLUETOOTH_SCAN" />
20-->src\main\AndroidManifest.xml:9:5-73
20-->src\main\AndroidManifest.xml:9:22-70
21    <uses-permission android:name="android.permission.FOREGROUND_SERVICE" />
21-->src\main\AndroidManifest.xml:10:5-77
21-->src\main\AndroidManifest.xml:10:22-74
22    <uses-permission android:name="android.permission.FOREGROUND_SERVICE_CONNECTED_DEVICE" />
22-->src\main\AndroidManifest.xml:11:5-94
22-->src\main\AndroidManifest.xml:11:22-91
23    <uses-permission android:name="android.permission.VIBRATE" />
23-->src\main\AndroidManifest.xml:12:5-66
23-->src\main\AndroidManifest.xml:12:22-63
24
25    <!-- Bluetooth HID feature -->
26    <uses-feature
26-->src\main\AndroidManifest.xml:15:5-87
27        android:name="android.hardware.bluetooth"
27-->src\main\AndroidManifest.xml:15:19-60
28        android:required="true" />
28-->src\main\AndroidManifest.xml:15:61-84
29    <uses-feature
29-->src\main\AndroidManifest.xml:16:5-91
30        android:name="android.hardware.bluetooth_le"
30-->src\main\AndroidManifest.xml:16:19-63
31        android:required="false" />
31-->src\main\AndroidManifest.xml:16:64-88
32
33    <permission
33-->[androidx.core:core:1.12.0] AndroidManifest.xml:22:5-24:47
34        android:name="com.manette.app.DYNAMIC_RECEIVER_NOT_EXPORTED_PERMISSION"
34-->[androidx.core:core:1.12.0] AndroidManifest.xml:23:9-81
35        android:protectionLevel="signature" />
35-->[androidx.core:core:1.12.0] AndroidManifest.xml:24:9-44
36
37    <uses-permission android:name="com.manette.app.DYNAMIC_RECEIVER_NOT_EXPORTED_PERMISSION" />
37-->[androidx.core:core:1.12.0] AndroidManifest.xml:26:5-97
37-->[androidx.core:core:1.12.0] AndroidManifest.xml:26:22-94
38
39    <application
39-->src\main\AndroidManifest.xml:18:5-61:19
40        android:allowBackup="true"
40-->src\main\AndroidManifest.xml:19:9-35
41        android:appComponentFactory="androidx.core.app.CoreComponentFactory"
41-->[androidx.core:core:1.12.0] AndroidManifest.xml:28:18-86
42        android:debuggable="true"
43        android:extractNativeLibs="false"
44        android:icon="@drawable/logo_manette"
44-->src\main\AndroidManifest.xml:20:9-46
45        android:label="@string/app_name"
45-->src\main\AndroidManifest.xml:22:9-41
46        android:roundIcon="@drawable/logo_manette"
46-->src\main\AndroidManifest.xml:21:9-51
47        android:supportsRtl="true"
47-->src\main\AndroidManifest.xml:23:9-35
48        android:theme="@style/Theme.MaNette" >
48-->src\main\AndroidManifest.xml:24:9-45
49
50        <!-- Splash Screen -->
51        <activity
51-->src\main\AndroidManifest.xml:27:9-36:20
52            android:name="com.manette.app.ui.splash.SplashActivity"
52-->src\main\AndroidManifest.xml:28:13-53
53            android:exported="true"
53-->src\main\AndroidManifest.xml:29:13-36
54            android:screenOrientation="portrait"
54-->src\main\AndroidManifest.xml:30:13-49
55            android:theme="@style/Theme.MaNette.Splash" >
55-->src\main\AndroidManifest.xml:31:13-56
56            <intent-filter>
56-->src\main\AndroidManifest.xml:32:13-35:29
57                <action android:name="android.intent.action.MAIN" />
57-->src\main\AndroidManifest.xml:33:17-69
57-->src\main\AndroidManifest.xml:33:25-66
58
59                <category android:name="android.intent.category.LAUNCHER" />
59-->src\main\AndroidManifest.xml:34:17-77
59-->src\main\AndroidManifest.xml:34:27-74
60            </intent-filter>
61        </activity>
62
63        <!-- Home / Pairing Screen -->
64        <activity
64-->src\main\AndroidManifest.xml:39:9-43:52
65            android:name="com.manette.app.ui.home.HomeActivity"
65-->src\main\AndroidManifest.xml:40:13-49
66            android:exported="false"
66-->src\main\AndroidManifest.xml:41:13-37
67            android:screenOrientation="portrait"
67-->src\main\AndroidManifest.xml:42:13-49
68            android:theme="@style/Theme.MaNette" />
68-->src\main\AndroidManifest.xml:43:13-49
69
70        <!-- Gamepad Screen -->
71        <activity
71-->src\main\AndroidManifest.xml:46:9-52:43
72            android:name="com.manette.app.ui.gamepad.GamepadActivity"
72-->src\main\AndroidManifest.xml:47:13-55
73            android:configChanges="orientation|screenSize|keyboardHidden"
73-->src\main\AndroidManifest.xml:50:13-74
74            android:exported="false"
74-->src\main\AndroidManifest.xml:48:13-37
75            android:keepScreenOn="true"
75-->src\main\AndroidManifest.xml:52:13-40
76            android:screenOrientation="landscape"
76-->src\main\AndroidManifest.xml:49:13-50
77            android:theme="@style/Theme.MaNette.Fullscreen" />
77-->src\main\AndroidManifest.xml:51:13-60
78
79        <!-- HID Foreground Service -->
80        <service
80-->src\main\AndroidManifest.xml:55:9-59:63
81            android:name="com.manette.app.bluetooth.HidDeviceService"
81-->src\main\AndroidManifest.xml:56:13-55
82            android:enabled="true"
82-->src\main\AndroidManifest.xml:57:13-35
83            android:exported="false"
83-->src\main\AndroidManifest.xml:58:13-37
84            android:foregroundServiceType="connectedDevice" />
84-->src\main\AndroidManifest.xml:59:13-60
85
86        <provider
86-->[androidx.emoji2:emoji2:1.2.0] AndroidManifest.xml:24:9-32:20
87            android:name="androidx.startup.InitializationProvider"
87-->[androidx.emoji2:emoji2:1.2.0] AndroidManifest.xml:25:13-67
88            android:authorities="com.manette.app.androidx-startup"
88-->[androidx.emoji2:emoji2:1.2.0] AndroidManifest.xml:26:13-68
89            android:exported="false" >
89-->[androidx.emoji2:emoji2:1.2.0] AndroidManifest.xml:27:13-37
90            <meta-data
90-->[androidx.emoji2:emoji2:1.2.0] AndroidManifest.xml:29:13-31:52
91                android:name="androidx.emoji2.text.EmojiCompatInitializer"
91-->[androidx.emoji2:emoji2:1.2.0] AndroidManifest.xml:30:17-75
92                android:value="androidx.startup" />
92-->[androidx.emoji2:emoji2:1.2.0] AndroidManifest.xml:31:17-49
93            <meta-data
93-->[androidx.lifecycle:lifecycle-process:2.7.0] AndroidManifest.xml:29:13-31:52
94                android:name="androidx.lifecycle.ProcessLifecycleInitializer"
94-->[androidx.lifecycle:lifecycle-process:2.7.0] AndroidManifest.xml:30:17-78
95                android:value="androidx.startup" />
95-->[androidx.lifecycle:lifecycle-process:2.7.0] AndroidManifest.xml:31:17-49
96            <meta-data
96-->[androidx.profileinstaller:profileinstaller:1.3.0] AndroidManifest.xml:29:13-31:52
97                android:name="androidx.profileinstaller.ProfileInstallerInitializer"
97-->[androidx.profileinstaller:profileinstaller:1.3.0] AndroidManifest.xml:30:17-85
98                android:value="androidx.startup" />
98-->[androidx.profileinstaller:profileinstaller:1.3.0] AndroidManifest.xml:31:17-49
99        </provider>
100
101        <receiver
101-->[androidx.profileinstaller:profileinstaller:1.3.0] AndroidManifest.xml:34:9-52:20
102            android:name="androidx.profileinstaller.ProfileInstallReceiver"
102-->[androidx.profileinstaller:profileinstaller:1.3.0] AndroidManifest.xml:35:13-76
103            android:directBootAware="false"
103-->[androidx.profileinstaller:profileinstaller:1.3.0] AndroidManifest.xml:36:13-44
104            android:enabled="true"
104-->[androidx.profileinstaller:profileinstaller:1.3.0] AndroidManifest.xml:37:13-35
105            android:exported="true"
105-->[androidx.profileinstaller:profileinstaller:1.3.0] AndroidManifest.xml:38:13-36
106            android:permission="android.permission.DUMP" >
106-->[androidx.profileinstaller:profileinstaller:1.3.0] AndroidManifest.xml:39:13-57
107            <intent-filter>
107-->[androidx.profileinstaller:profileinstaller:1.3.0] AndroidManifest.xml:40:13-42:29
108                <action android:name="androidx.profileinstaller.action.INSTALL_PROFILE" />
108-->[androidx.profileinstaller:profileinstaller:1.3.0] AndroidManifest.xml:41:17-91
108-->[androidx.profileinstaller:profileinstaller:1.3.0] AndroidManifest.xml:41:25-88
109            </intent-filter>
110            <intent-filter>
110-->[androidx.profileinstaller:profileinstaller:1.3.0] AndroidManifest.xml:43:13-45:29
111                <action android:name="androidx.profileinstaller.action.SKIP_FILE" />
111-->[androidx.profileinstaller:profileinstaller:1.3.0] AndroidManifest.xml:44:17-85
111-->[androidx.profileinstaller:profileinstaller:1.3.0] AndroidManifest.xml:44:25-82
112            </intent-filter>
113            <intent-filter>
113-->[androidx.profileinstaller:profileinstaller:1.3.0] AndroidManifest.xml:46:13-48:29
114                <action android:name="androidx.profileinstaller.action.SAVE_PROFILE" />
114-->[androidx.profileinstaller:profileinstaller:1.3.0] AndroidManifest.xml:47:17-88
114-->[androidx.profileinstaller:profileinstaller:1.3.0] AndroidManifest.xml:47:25-85
115            </intent-filter>
116            <intent-filter>
116-->[androidx.profileinstaller:profileinstaller:1.3.0] AndroidManifest.xml:49:13-51:29
117                <action android:name="androidx.profileinstaller.action.BENCHMARK_OPERATION" />
117-->[androidx.profileinstaller:profileinstaller:1.3.0] AndroidManifest.xml:50:17-95
117-->[androidx.profileinstaller:profileinstaller:1.3.0] AndroidManifest.xml:50:25-92
118            </intent-filter>
119        </receiver>
120    </application>
121
122</manifest>